Analysis & Synthesis report for n64_driver
Fri Apr 04 23:47:47 2014
Quartus II 64-Bit Version 13.0.0 Build 156 04/24/2013 SJ Web Edition


---------------------
; Table of Contents ;
---------------------
  1. Legal Notice
  2. Analysis & Synthesis Summary
  3. Analysis & Synthesis Settings
  4. Parallel Compilation
  5. Analysis & Synthesis Source Files Read
  6. Analysis & Synthesis Resource Usage Summary
  7. Analysis & Synthesis Resource Utilization by Entity
  8. User-Specified and Inferred Latches
  9. General Register Statistics
 10. Inverted Register Statistics
 11. Multiplexer Restructuring Statistics (Restructuring Performed)
 12. Parameter Settings for User Entity Instance: polling:b2v_inst
 13. Parameter Settings for User Entity Instance: sampling:b2v_inst6
 14. Port Connectivity Checks: "sampling:b2v_inst6"
 15. Elapsed Time Per Partition
 16. Analysis & Synthesis Messages



----------------
; Legal Notice ;
----------------
Copyright (C) 1991-2013 Altera Corporation
Your use of Altera Corporation's design tools, logic functions 
and other software and tools, and its AMPP partner logic 
functions, and any output files from any of the foregoing 
(including device programming or simulation files), and any 
associated documentation or information are expressly subject 
to the terms and conditions of the Altera Program License 
Subscription Agreement, Altera MegaCore Function License 
Agreement, or other applicable license agreement, including, 
without limitation, that your use is for the sole purpose of 
programming logic devices manufactured by Altera and sold by 
Altera or its authorized distributors.  Please refer to the 
applicable agreement for further details.



+---------------------------------------------------------------------------------+
; Analysis & Synthesis Summary                                                    ;
+------------------------------------+--------------------------------------------+
; Analysis & Synthesis Status        ; Successful - Fri Apr 04 23:47:47 2014      ;
; Quartus II 64-Bit Version          ; 13.0.0 Build 156 04/24/2013 SJ Web Edition ;
; Revision Name                      ; n64_driver                                 ;
; Top-level Entity Name              ; n64_driver                                 ;
; Family                             ; Cyclone II                                 ;
; Total logic elements               ; 285                                        ;
;     Total combinational functions  ; 284                                        ;
;     Dedicated logic registers      ; 48                                         ;
; Total registers                    ; 48                                         ;
; Total pins                         ; 20                                         ;
; Total virtual pins                 ; 0                                          ;
; Total memory bits                  ; 0                                          ;
; Embedded Multiplier 9-bit elements ; 0                                          ;
; Total PLLs                         ; 0                                          ;
+------------------------------------+--------------------------------------------+


+----------------------------------------------------------------------------------------------------------------------+
; Analysis & Synthesis Settings                                                                                        ;
+----------------------------------------------------------------------------+--------------------+--------------------+
; Option                                                                     ; Setting            ; Default Value      ;
+----------------------------------------------------------------------------+--------------------+--------------------+
; Device                                                                     ; EP2C35F672C6       ;                    ;
; Top-level entity name                                                      ; n64_driver         ; n64_driver         ;
; Family name                                                                ; Cyclone II         ; Cyclone IV GX      ;
; Use smart compilation                                                      ; Off                ; Off                ;
; Enable parallel Assembler and TimeQuest Timing Analyzer during compilation ; On                 ; On                 ;
; Enable compact report table                                                ; Off                ; Off                ;
; Restructure Multiplexers                                                   ; Auto               ; Auto               ;
; Create Debugging Nodes for IP Cores                                        ; Off                ; Off                ;
; Preserve fewer node names                                                  ; On                 ; On                 ;
; Disable OpenCore Plus hardware evaluation                                  ; Off                ; Off                ;
; Verilog Version                                                            ; Verilog_2001       ; Verilog_2001       ;
; VHDL Version                                                               ; VHDL_1993          ; VHDL_1993          ;
; State Machine Processing                                                   ; Auto               ; Auto               ;
; Safe State Machine                                                         ; Off                ; Off                ;
; Extract Verilog State Machines                                             ; On                 ; On                 ;
; Extract VHDL State Machines                                                ; On                 ; On                 ;
; Ignore Verilog initial constructs                                          ; Off                ; Off                ;
; Iteration limit for constant Verilog loops                                 ; 5000               ; 5000               ;
; Iteration limit for non-constant Verilog loops                             ; 250                ; 250                ;
; Add Pass-Through Logic to Inferred RAMs                                    ; On                 ; On                 ;
; Infer RAMs from Raw Logic                                                  ; On                 ; On                 ;
; Parallel Synthesis                                                         ; On                 ; On                 ;
; DSP Block Balancing                                                        ; Auto               ; Auto               ;
; NOT Gate Push-Back                                                         ; On                 ; On                 ;
; Power-Up Don't Care                                                        ; On                 ; On                 ;
; Remove Redundant Logic Cells                                               ; Off                ; Off                ;
; Remove Duplicate Registers                                                 ; On                 ; On                 ;
; Ignore CARRY Buffers                                                       ; Off                ; Off                ;
; Ignore CASCADE Buffers                                                     ; Off                ; Off                ;
; Ignore GLOBAL Buffers                                                      ; Off                ; Off                ;
; Ignore ROW GLOBAL Buffers                                                  ; Off                ; Off                ;
; Ignore LCELL Buffers                                                       ; Off                ; Off                ;
; Ignore SOFT Buffers                                                        ; On                 ; On                 ;
; Limit AHDL Integers to 32 Bits                                             ; Off                ; Off                ;
; Optimization Technique                                                     ; Balanced           ; Balanced           ;
; Carry Chain Length                                                         ; 70                 ; 70                 ;
; Auto Carry Chains                                                          ; On                 ; On                 ;
; Auto Open-Drain Pins                                                       ; On                 ; On                 ;
; Perform WYSIWYG Primitive Resynthesis                                      ; Off                ; Off                ;
; Auto ROM Replacement                                                       ; On                 ; On                 ;
; Auto RAM Replacement                                                       ; On                 ; On                 ;
; Auto Shift Register Replacement                                            ; Auto               ; Auto               ;
; Allow Shift Register Merging across Hierarchies                            ; Auto               ; Auto               ;
; Auto Clock Enable Replacement                                              ; On                 ; On                 ;
; Strict RAM Replacement                                                     ; Off                ; Off                ;
; Allow Synchronous Control Signals                                          ; On                 ; On                 ;
; Force Use of Synchronous Clear Signals                                     ; Off                ; Off                ;
; Auto RAM to Logic Cell Conversion                                          ; Off                ; Off                ;
; Auto Resource Sharing                                                      ; Off                ; Off                ;
; Allow Any RAM Size For Recognition                                         ; Off                ; Off                ;
; Allow Any ROM Size For Recognition                                         ; Off                ; Off                ;
; Allow Any Shift Register Size For Recognition                              ; Off                ; Off                ;
; Use LogicLock Constraints during Resource Balancing                        ; On                 ; On                 ;
; Ignore translate_off and synthesis_off directives                          ; Off                ; Off                ;
; Timing-Driven Synthesis                                                    ; Off                ; Off                ;
; Report Parameter Settings                                                  ; On                 ; On                 ;
; Report Source Assignments                                                  ; On                 ; On                 ;
; Report Connectivity Checks                                                 ; On                 ; On                 ;
; Ignore Maximum Fan-Out Assignments                                         ; Off                ; Off                ;
; Synchronization Register Chain Length                                      ; 2                  ; 2                  ;
; PowerPlay Power Optimization                                               ; Normal compilation ; Normal compilation ;
; HDL message level                                                          ; Level2             ; Level2             ;
; Suppress Register Optimization Related Messages                            ; Off                ; Off                ;
; Number of Removed Registers Reported in Synthesis Report                   ; 5000               ; 5000               ;
; Number of Swept Nodes Reported in Synthesis Report                         ; 5000               ; 5000               ;
; Number of Inverted Registers Reported in Synthesis Report                  ; 100                ; 100                ;
; Clock MUX Protection                                                       ; On                 ; On                 ;
; Auto Gated Clock Conversion                                                ; Off                ; Off                ;
; Block Design Naming                                                        ; Auto               ; Auto               ;
; SDC constraint protection                                                  ; Off                ; Off                ;
; Synthesis Effort                                                           ; Auto               ; Auto               ;
; Shift Register Replacement - Allow Asynchronous Clear Signal               ; On                 ; On                 ;
; Pre-Mapping Resynthesis Optimization                                       ; Off                ; Off                ;
; Analysis & Synthesis Message Level                                         ; Medium             ; Medium             ;
; Disable Register Merging Across Hierarchies                                ; Auto               ; Auto               ;
; Resource Aware Inference For Block RAM                                     ; On                 ; On                 ;
; Synthesis Seed                                                             ; 1                  ; 1                  ;
+----------------------------------------------------------------------------+--------------------+--------------------+


Parallel compilation was disabled, but you have multiple processors available. Enable parallel compilation to reduce compilation time.
+-------------------------------------+
; Parallel Compilation                ;
+----------------------------+--------+
; Processors                 ; Number ;
+----------------------------+--------+
; Number detected on machine ; 4      ;
; Maximum allowed            ; 1      ;
+----------------------------+--------+


+------------------------------------------------------------------------------------------------------------------------------------------------------+
; Analysis & Synthesis Source Files Read                                                                                                               ;
+----------------------------------+-----------------+-----------------+---------------------------------------------------------------------+---------+
; File Name with User-Entered Path ; Used in Netlist ; File Type       ; File Name with Absolute Path                                        ; Library ;
+----------------------------------+-----------------+-----------------+---------------------------------------------------------------------+---------+
; n64_driver.vhd                   ; yes             ; User VHDL File  ; C:/Users/timot_000/Documents/school/fplds/n64_2april/n64_driver.vhd ;         ;
; sampling.vhd                     ; yes             ; User VHDL File  ; C:/Users/timot_000/Documents/school/fplds/n64_2april/sampling.vhd   ;         ;
; polling.vhd                      ; yes             ; User VHDL File  ; C:/Users/timot_000/Documents/school/fplds/n64_2april/polling.vhd    ;         ;
+----------------------------------+-----------------+-----------------+---------------------------------------------------------------------+---------+


+--------------------------------------------------------+
; Analysis & Synthesis Resource Usage Summary            ;
+---------------------------------------------+----------+
; Resource                                    ; Usage    ;
+---------------------------------------------+----------+
; Estimated Total logic elements              ; 285      ;
;                                             ;          ;
; Total combinational functions               ; 284      ;
; Logic element usage by number of LUT inputs ;          ;
;     -- 4 input functions                    ; 162      ;
;     -- 3 input functions                    ; 49       ;
;     -- <=2 input functions                  ; 73       ;
;                                             ;          ;
; Logic elements by mode                      ;          ;
;     -- normal mode                          ; 241      ;
;     -- arithmetic mode                      ; 43       ;
;                                             ;          ;
; Total registers                             ; 48       ;
;     -- Dedicated logic registers            ; 48       ;
;     -- I/O registers                        ; 0        ;
;                                             ;          ;
; I/O pins                                    ; 20       ;
; Embedded Multiplier 9-bit elements          ; 0        ;
; Maximum fan-out node                        ; CLOCK_50 ;
; Maximum fan-out                             ; 40       ;
; Total fan-out                               ; 1071     ;
; Average fan-out                             ; 3.04     ;
+---------------------------------------------+----------+


+----------------------------------------------------------------------------------------------------------------------------------------------------------------------------------------+
; Analysis & Synthesis Resource Utilization by Entity                                                                                                                                    ;
+----------------------------+-------------------+--------------+-------------+--------------+---------+-----------+------+--------------+--------------------------------+--------------+
; Compilation Hierarchy Node ; LC Combinationals ; LC Registers ; Memory Bits ; DSP Elements ; DSP 9x9 ; DSP 18x18 ; Pins ; Virtual Pins ; Full Hierarchy Name            ; Library Name ;
+----------------------------+-------------------+--------------+-------------+--------------+---------+-----------+------+--------------+--------------------------------+--------------+
; |n64_driver                ; 284 (0)           ; 48 (0)       ; 0           ; 0            ; 0       ; 0         ; 20   ; 0            ; |n64_driver                    ;              ;
;    |polling:b2v_inst|      ; 179 (179)         ; 32 (32)      ; 0           ; 0            ; 0       ; 0         ; 0    ; 0            ; |n64_driver|polling:b2v_inst   ;              ;
;    |sampling:b2v_inst6|    ; 105 (105)         ; 16 (16)      ; 0           ; 0            ; 0       ; 0         ; 0    ; 0            ; |n64_driver|sampling:b2v_inst6 ;              ;
+----------------------------+-------------------+--------------+-------------+--------------+---------+-----------+------+--------------+--------------------------------+--------------+
Note: For table entries with two numbers listed, the numbers in parentheses indicate the number of resources of the given type used by the specific entity alone. The numbers listed outside of parentheses indicate the total resources of the given type used by the specific entity and all of its sub-entities in the hierarchy.


+---------------------------------------------------------------------------------------------------------+
; User-Specified and Inferred Latches                                                                     ;
+-----------------------------------------------------+--------------------------+------------------------+
; Latch Name                                          ; Latch Enable Signal      ; Free of Timing Hazards ;
+-----------------------------------------------------+--------------------------+------------------------+
; sampling:b2v_inst6|data_temp[16]                    ; sampling:b2v_inst6|Mux20 ; yes                    ;
; sampling:b2v_inst6|data_temp[17]                    ; sampling:b2v_inst6|Mux21 ; yes                    ;
; sampling:b2v_inst6|data_temp[18]                    ; sampling:b2v_inst6|Mux22 ; yes                    ;
; sampling:b2v_inst6|data_temp[19]                    ; sampling:b2v_inst6|Mux23 ; yes                    ;
; sampling:b2v_inst6|data_temp[20]                    ; sampling:b2v_inst6|Mux24 ; yes                    ;
; sampling:b2v_inst6|data_temp[21]                    ; sampling:b2v_inst6|Mux25 ; yes                    ;
; sampling:b2v_inst6|data_temp[22]                    ; sampling:b2v_inst6|Mux26 ; yes                    ;
; sampling:b2v_inst6|data_temp[23]                    ; sampling:b2v_inst6|Mux27 ; yes                    ;
; sampling:b2v_inst6|data_temp[24]                    ; sampling:b2v_inst6|Mux28 ; yes                    ;
; sampling:b2v_inst6|data_temp[25]                    ; sampling:b2v_inst6|Mux29 ; yes                    ;
; sampling:b2v_inst6|data_temp[26]                    ; sampling:b2v_inst6|Mux30 ; yes                    ;
; sampling:b2v_inst6|data_temp[27]                    ; sampling:b2v_inst6|Mux31 ; yes                    ;
; sampling:b2v_inst6|data_temp[28]                    ; sampling:b2v_inst6|Mux32 ; yes                    ;
; sampling:b2v_inst6|data_temp[29]                    ; sampling:b2v_inst6|Mux33 ; yes                    ;
; sampling:b2v_inst6|data_temp[30]                    ; sampling:b2v_inst6|Mux34 ; yes                    ;
; sampling:b2v_inst6|data_temp[31]                    ; sampling:b2v_inst6|Mux35 ; yes                    ;
; polling:b2v_inst|signal_out_321                     ; GND                      ; yes                    ;
; sampling:b2v_inst6|sample_array[5]                  ; sampling:b2v_inst6|Mux5  ; yes                    ;
; sampling:b2v_inst6|sample_array[6]                  ; sampling:b2v_inst6|Mux37 ; yes                    ;
; sampling:b2v_inst6|sample_array[7]                  ; sampling:b2v_inst6|Mux39 ; yes                    ;
; sampling:b2v_inst6|sample_array[8]                  ; sampling:b2v_inst6|Mux41 ; yes                    ;
; sampling:b2v_inst6|sample_array[9]                  ; sampling:b2v_inst6|Mux43 ; yes                    ;
; sampling:b2v_inst6|sample_array[10]                 ; sampling:b2v_inst6|Mux45 ; yes                    ;
; polling:b2v_inst|done_poll                          ; GND                      ; yes                    ;
; Number of user-specified and inferred latches = 24  ;                          ;                        ;
+-----------------------------------------------------+--------------------------+------------------------+
Note: All latches listed above may not be present at the end of synthesis due to various synthesis optimizations.


+------------------------------------------------------+
; General Register Statistics                          ;
+----------------------------------------------+-------+
; Statistic                                    ; Value ;
+----------------------------------------------+-------+
; Total registers                              ; 48    ;
; Number of registers using Synchronous Clear  ; 0     ;
; Number of registers using Synchronous Load   ; 0     ;
; Number of registers using Asynchronous Clear ; 16    ;
; Number of registers using Asynchronous Load  ; 0     ;
; Number of registers using Clock Enable       ; 6     ;
; Number of registers using Preset             ; 0     ;
+----------------------------------------------+-------+


+--------------------------------------------------+
; Inverted Register Statistics                     ;
+----------------------------------------+---------+
; Inverted Register                      ; Fan out ;
+----------------------------------------+---------+
; sampling:b2v_inst6|sample_count[5]     ; 3       ;
; Total number of inverted registers = 1 ;         ;
+----------------------------------------+---------+


+---------------------------------------------------------------------------------------------------------------------------------------------------+
; Multiplexer Restructuring Statistics (Restructuring Performed)                                                                                    ;
+--------------------+-----------+---------------+----------------------+------------------------+------------+-------------------------------------+
; Multiplexer Inputs ; Bus Width ; Baseline Area ; Area if Restructured ; Saving if Restructured ; Registered ; Example Multiplexer Output          ;
+--------------------+-----------+---------------+----------------------+------------------------+------------+-------------------------------------+
; 1:1                ; 2 bits    ; 0 LEs         ; 0 LEs                ; 0 LEs                  ; No         ; |n64_driver|sampling:b2v_inst6|Mux2 ;
+--------------------+-----------+---------------+----------------------+------------------------+------------+-------------------------------------+


+---------------------------------------------------------------+
; Parameter Settings for User Entity Instance: polling:b2v_inst ;
+----------------+-------+--------------------------------------+
; Parameter Name ; Value ; Type                                 ;
+----------------+-------+--------------------------------------+
; n              ; 1800  ; Signed Integer                       ;
; m              ; 150   ; Signed Integer                       ;
; k              ; 200   ; Signed Integer                       ;
; l              ; 50    ; Signed Integer                       ;
; j              ; 15000 ; Signed Integer                       ;
+----------------+-------+--------------------------------------+
Note: In order to hide this table in the UI and the text report file, please set the "Show Parameter Settings in Synthesis Report" option in "Analysis and Synthesis Settings -> More Settings" to "Off".


+-----------------------------------------------------------------+
; Parameter Settings for User Entity Instance: sampling:b2v_inst6 ;
+----------------+-------+----------------------------------------+
; Parameter Name ; Value ; Type                                   ;
+----------------+-------+----------------------------------------+
; bit_count      ; 200   ; Signed Integer                         ;
; sampling       ; 150   ; Signed Integer                         ;
+----------------+-------+----------------------------------------+
Note: In order to hide this table in the UI and the text report file, please set the "Show Parameter Settings in Synthesis Report" option in "Analysis and Synthesis Settings -> More Settings" to "Off".


+---------------------------------------------------------------------------------------------------------------------------+
; Port Connectivity Checks: "sampling:b2v_inst6"                                                                            ;
+-----------------+--------+----------+-------------------------------------------------------------------------------------+
; Port            ; Type   ; Severity ; Details                                                                             ;
+-----------------+--------+----------+-------------------------------------------------------------------------------------+
; data_out[15..0] ; Output ; Info     ; Connected to dangling logic. Logic that only feeds a dangling port will be removed. ;
+-----------------+--------+----------+-------------------------------------------------------------------------------------+


+-------------------------------+
; Elapsed Time Per Partition    ;
+----------------+--------------+
; Partition Name ; Elapsed Time ;
+----------------+--------------+
; Top            ; 00:00:01     ;
+----------------+--------------+


+-------------------------------+
; Analysis & Synthesis Messages ;
+-------------------------------+
Info: *******************************************************************
Info: Running Quartus II 64-Bit Analysis & Synthesis
    Info: Version 13.0.0 Build 156 04/24/2013 SJ Web Edition
    Info: Processing started: Fri Apr 04 23:47:44 2014
Info: Command: quartus_map --read_settings_files=on --write_settings_files=off n64_driver -c n64_driver
Warning (20028): Parallel compilation is not licensed and has been disabled
Info (12021): Found 2 design units, including 1 entities, in source file n64_driver.vhd
    Info (12022): Found design unit 1: n64_driver-bdf_type
    Info (12023): Found entity 1: n64_driver
Info (12021): Found 2 design units, including 1 entities, in source file sampling.vhd
    Info (12022): Found design unit 1: sampling-reading
    Info (12023): Found entity 1: sampling
Info (12021): Found 2 design units, including 1 entities, in source file polling.vhd
    Info (12022): Found design unit 1: polling-poll
    Info (12023): Found entity 1: polling
Info (12127): Elaborating entity "n64_driver" for the top level hierarchy
Info (12128): Elaborating entity "polling" for hierarchy "polling:b2v_inst"
Warning (10631): VHDL Process Statement warning at polling.vhd(69): inferring latch(es) for signal or variable "done_poll", which holds its previous value in one or more paths through the process
Warning (10631): VHDL Process Statement warning at polling.vhd(86): inferring latch(es) for signal or variable "signal_out", which holds its previous value in one or more paths through the process
Info (10041): Inferred latch for "signal_out" at polling.vhd(86)
Info (10041): Inferred latch for "done_poll" at polling.vhd(69)
Info (12128): Elaborating entity "sampling" for hierarchy "sampling:b2v_inst6"
Warning (10492): VHDL Process Statement warning at sampling.vhd(84): signal "sample_count" is read inside the Process Statement but isn't in the Process Statement's sensitivity list
Warning (10492): VHDL Process Statement warning at sampling.vhd(118): signal "data_in" is read inside the Process Statement but isn't in the Process Statement's sensitivity list
Warning (10492): VHDL Process Statement warning at sampling.vhd(120): signal "data_in" is read inside the Process Statement but isn't in the Process Statement's sensitivity list
Warning (10492): VHDL Process Statement warning at sampling.vhd(122): signal "data_in" is read inside the Process Statement but isn't in the Process Statement's sensitivity list
Warning (10492): VHDL Process Statement warning at sampling.vhd(124): signal "data_in" is read inside the Process Statement but isn't in the Process Statement's sensitivity list
Warning (10492): VHDL Process Statement warning at sampling.vhd(126): signal "data_in" is read inside the Process Statement but isn't in the Process Statement's sensitivity list
Warning (10492): VHDL Process Statement warning at sampling.vhd(128): signal "data_in" is read inside the Process Statement but isn't in the Process Statement's sensitivity list
Warning (10492): VHDL Process Statement warning at sampling.vhd(130): signal "data_in" is read inside the Process Statement but isn't in the Process Statement's sensitivity list
Warning (10492): VHDL Process Statement warning at sampling.vhd(132): signal "data_in" is read inside the Process Statement but isn't in the Process Statement's sensitivity list
Warning (10492): VHDL Process Statement warning at sampling.vhd(134): signal "data_in" is read inside the Process Statement but isn't in the Process Statement's sensitivity list
Warning (10492): VHDL Process Statement warning at sampling.vhd(136): signal "data_in" is read inside the Process Statement but isn't in the Process Statement's sensitivity list
Warning (10492): VHDL Process Statement warning at sampling.vhd(138): signal "data_in" is read inside the Process Statement but isn't in the Process Statement's sensitivity list
Warning (10492): VHDL Process Statement warning at sampling.vhd(140): signal "data_in" is read inside the Process Statement but isn't in the Process Statement's sensitivity list
Warning (10492): VHDL Process Statement warning at sampling.vhd(142): signal "data_in" is read inside the Process Statement but isn't in the Process Statement's sensitivity list
Warning (10492): VHDL Process Statement warning at sampling.vhd(144): signal "data_in" is read inside the Process Statement but isn't in the Process Statement's sensitivity list
Warning (10492): VHDL Process Statement warning at sampling.vhd(146): signal "data_in" is read inside the Process Statement but isn't in the Process Statement's sensitivity list
Warning (10492): VHDL Process Statement warning at sampling.vhd(148): signal "data_in" is read inside the Process Statement but isn't in the Process Statement's sensitivity list
Warning (10492): VHDL Process Statement warning at sampling.vhd(150): signal "sample_array" is read inside the Process Statement but isn't in the Process Statement's sensitivity list
Warning (10492): VHDL Process Statement warning at sampling.vhd(152): signal "sample_array" is read inside the Process Statement but isn't in the Process Statement's sensitivity list
Warning (10631): VHDL Process Statement warning at sampling.vhd(113): inferring latch(es) for signal or variable "sample_array", which holds its previous value in one or more paths through the process
Warning (10631): VHDL Process Statement warning at sampling.vhd(113): inferring latch(es) for signal or variable "data_temp", which holds its previous value in one or more paths through the process
Info (10041): Inferred latch for "data_temp[0]" at sampling.vhd(113)
Info (10041): Inferred latch for "data_temp[1]" at sampling.vhd(113)
Info (10041): Inferred latch for "data_temp[2]" at sampling.vhd(113)
Info (10041): Inferred latch for "data_temp[3]" at sampling.vhd(113)
Info (10041): Inferred latch for "data_temp[4]" at sampling.vhd(113)
Info (10041): Inferred latch for "data_temp[5]" at sampling.vhd(113)
Info (10041): Inferred latch for "data_temp[6]" at sampling.vhd(113)
Info (10041): Inferred latch for "data_temp[7]" at sampling.vhd(113)
Info (10041): Inferred latch for "data_temp[8]" at sampling.vhd(113)
Info (10041): Inferred latch for "data_temp[9]" at sampling.vhd(113)
Info (10041): Inferred latch for "data_temp[10]" at sampling.vhd(113)
Info (10041): Inferred latch for "data_temp[11]" at sampling.vhd(113)
Info (10041): Inferred latch for "data_temp[12]" at sampling.vhd(113)
Info (10041): Inferred latch for "data_temp[13]" at sampling.vhd(113)
Info (10041): Inferred latch for "data_temp[14]" at sampling.vhd(113)
Info (10041): Inferred latch for "data_temp[15]" at sampling.vhd(113)
Info (10041): Inferred latch for "data_temp[16]" at sampling.vhd(113)
Info (10041): Inferred latch for "data_temp[17]" at sampling.vhd(113)
Info (10041): Inferred latch for "data_temp[18]" at sampling.vhd(113)
Info (10041): Inferred latch for "data_temp[19]" at sampling.vhd(113)
Info (10041): Inferred latch for "data_temp[20]" at sampling.vhd(113)
Info (10041): Inferred latch for "data_temp[21]" at sampling.vhd(113)
Info (10041): Inferred latch for "data_temp[22]" at sampling.vhd(113)
Info (10041): Inferred latch for "data_temp[23]" at sampling.vhd(113)
Info (10041): Inferred latch for "data_temp[24]" at sampling.vhd(113)
Info (10041): Inferred latch for "data_temp[25]" at sampling.vhd(113)
Info (10041): Inferred latch for "data_temp[26]" at sampling.vhd(113)
Info (10041): Inferred latch for "data_temp[27]" at sampling.vhd(113)
Info (10041): Inferred latch for "data_temp[28]" at sampling.vhd(113)
Info (10041): Inferred latch for "data_temp[29]" at sampling.vhd(113)
Info (10041): Inferred latch for "data_temp[30]" at sampling.vhd(113)
Info (10041): Inferred latch for "data_temp[31]" at sampling.vhd(113)
Info (10041): Inferred latch for "sample_array[5]" at sampling.vhd(113)
Info (10041): Inferred latch for "sample_array[6]" at sampling.vhd(113)
Info (10041): Inferred latch for "sample_array[7]" at sampling.vhd(113)
Info (10041): Inferred latch for "sample_array[8]" at sampling.vhd(113)
Info (10041): Inferred latch for "sample_array[9]" at sampling.vhd(113)
Info (10041): Inferred latch for "sample_array[10]" at sampling.vhd(113)
Warning (13012): Latch sampling:b2v_inst6|data_temp[16] has unsafe behavior
    Warning (13013): Ports D and ENA on the latch are fed by the same signal sampling:b2v_inst6|sample_array[5]
Warning (13012): Latch sampling:b2v_inst6|data_temp[17] has unsafe behavior
    Warning (13013): Ports D and ENA on the latch are fed by the same signal sampling:b2v_inst6|sample_array[5]
Warning (13012): Latch sampling:b2v_inst6|data_temp[18] has unsafe behavior
    Warning (13013): Ports D and ENA on the latch are fed by the same signal sampling:b2v_inst6|sample_array[5]
Warning (13012): Latch sampling:b2v_inst6|data_temp[19] has unsafe behavior
    Warning (13013): Ports D and ENA on the latch are fed by the same signal sampling:b2v_inst6|sample_array[5]
Warning (13012): Latch sampling:b2v_inst6|data_temp[20] has unsafe behavior
    Warning (13013): Ports D and ENA on the latch are fed by the same signal sampling:b2v_inst6|sample_array[5]
Warning (13012): Latch sampling:b2v_inst6|data_temp[21] has unsafe behavior
    Warning (13013): Ports D and ENA on the latch are fed by the same signal sampling:b2v_inst6|sample_array[5]
Warning (13012): Latch sampling:b2v_inst6|data_temp[22] has unsafe behavior
    Warning (13013): Ports D and ENA on the latch are fed by the same signal sampling:b2v_inst6|sample_array[5]
Warning (13012): Latch sampling:b2v_inst6|data_temp[23] has unsafe behavior
    Warning (13013): Ports D and ENA on the latch are fed by the same signal sampling:b2v_inst6|sample_array[5]
Warning (13012): Latch sampling:b2v_inst6|data_temp[24] has unsafe behavior
    Warning (13013): Ports D and ENA on the latch are fed by the same signal sampling:b2v_inst6|sample_array[5]
Warning (13012): Latch sampling:b2v_inst6|data_temp[25] has unsafe behavior
    Warning (13013): Ports D and ENA on the latch are fed by the same signal sampling:b2v_inst6|sample_array[5]
Warning (13012): Latch sampling:b2v_inst6|data_temp[26] has unsafe behavior
    Warning (13013): Ports D and ENA on the latch are fed by the same signal sampling:b2v_inst6|sample_array[5]
Warning (13012): Latch sampling:b2v_inst6|data_temp[27] has unsafe behavior
    Warning (13013): Ports D and ENA on the latch are fed by the same signal sampling:b2v_inst6|sample_array[5]
Warning (13012): Latch sampling:b2v_inst6|data_temp[28] has unsafe behavior
    Warning (13013): Ports D and ENA on the latch are fed by the same signal sampling:b2v_inst6|sample_array[5]
Warning (13012): Latch sampling:b2v_inst6|data_temp[29] has unsafe behavior
    Warning (13013): Ports D and ENA on the latch are fed by the same signal sampling:b2v_inst6|sample_array[5]
Warning (13012): Latch sampling:b2v_inst6|data_temp[30] has unsafe behavior
    Warning (13013): Ports D and ENA on the latch are fed by the same signal sampling:b2v_inst6|sample_array[5]
Warning (13012): Latch sampling:b2v_inst6|data_temp[31] has unsafe behavior
    Warning (13013): Ports D and ENA on the latch are fed by the same signal sampling:b2v_inst6|sample_array[5]
Warning (13012): Latch sampling:b2v_inst6|sample_array[5] has unsafe behavior
    Warning (13013): Ports D and ENA on the latch are fed by the same signal sampling:b2v_inst6|count[0]
Warning (13012): Latch sampling:b2v_inst6|sample_array[6] has unsafe behavior
    Warning (13013): Ports D and ENA on the latch are fed by the same signal sampling:b2v_inst6|count[0]
Warning (13012): Latch sampling:b2v_inst6|sample_array[7] has unsafe behavior
    Warning (13013): Ports D and ENA on the latch are fed by the same signal sampling:b2v_inst6|count[0]
Warning (13012): Latch sampling:b2v_inst6|sample_array[8] has unsafe behavior
    Warning (13013): Ports D and ENA on the latch are fed by the same signal sampling:b2v_inst6|count[0]
Warning (13012): Latch sampling:b2v_inst6|sample_array[9] has unsafe behavior
    Warning (13013): Ports D and ENA on the latch are fed by the same signal sampling:b2v_inst6|count[0]
Info (16010): Generating hard_block partition "hard_block:auto_generated_inst"
    Info (16011): Adding 0 node(s), including 0 DDIO, 0 PLL, 0 transceiver and 0 LCELL
Warning (21074): Design contains 1 input pin(s) that do not drive logic
    Warning (15610): No output dependent on input pin "PB0"
Info (21057): Implemented 305 device resources after synthesis - the final resource count might be different
    Info (21058): Implemented 3 input pins
    Info (21059): Implemented 17 output pins
    Info (21061): Implemented 285 logic cells
Info: Quartus II 64-Bit Analysis & Synthesis was successful. 0 errors, 68 warnings
    Info: Peak virtual memory: 492 megabytes
    Info: Processing ended: Fri Apr 04 23:47:47 2014
    Info: Elapsed time: 00:00:03
    Info: Total CPU time (on all processors): 00:00:03


